INFO:  latexindent.exe version 3.17.2, 2022-04-14, a script to indent .tex files
       latexindent.exe lives here: C:/texlive/2022/bin/win32/
       Thu May 11 15:30:07 2023
       Filename: c:/Users/rowec/Dropbox (MIT)/QIS Project/paper/revtex4-2-tds/doc/latex/revtex/sample/aapm/__latexindent_temp_aapmsamp.tex
INFO:  Processing switches:
       -y|--yaml: YAML settings specified via command line
       -c|--cruft: cruft directory
INFO:  Directory for backup files and c:/Users/rowec/Dropbox (MIT)/QIS Project/paper/revtex4-2-tds/doc/latex/revtex/sample/aapm//indent.log:
       c:/Users/rowec/Dropbox (MIT)/QIS Project/paper/revtex4-2-tds/doc/latex/revtex/sample/aapm/
INFO:  YAML settings read: defaultSettings.yaml
       Reading defaultSettings.yaml from C:/texlive/2022/bin/win32/defaultSettings.yaml
       Reading defaultSettings.yaml (2nd attempt) from C:/texlive/2022/bin/win32/../../texmf-dist/scripts/latexindent/defaultSettings.yaml
       and then, if necessary, C:/texlive/2022/bin/win32/LatexIndent/defaultSettings.yaml
INFO:  YAML settings read: indentconfig.yaml or .indentconfig.yaml
       Home directory is C:\Users\rowec (didn't find either indentconfig.yaml or .indentconfig.yaml)
       To specify user settings you would put indentconfig.yaml here: C:\Users\rowec/indentconfig.yaml
       Alternatively, you can use the hidden file .indentconfig.yaml as: C:\Users\rowec/.indentconfig.yaml
INFO:  YAML settings read: -y switch
       YAML setting: defaultIndent:'  '
       single-quoted string found in -y switch: '  ', substitute to   
       Updating mainSettings with defaultIndent:   
INFO:  Phase 1: searching for objects
INFO:  Phase 2: finding surrounding indentation
INFO:  Phase 3: indenting objects
INFO:  Phase 4: final indentation check
INFO:  Output routine:
       Not outputting to file; see -w and -o switches for more options.
       --------------
INFO:  Please direct all communication/issues to:
        https://github.com/cmhughes/latexindent.pl
